Nonterminals useless in grammar

    attribute_value
    exp


Terminals unused in grammar

    "textview_end"
    "imageview_end"
    "button_end"
    "radiobutton_end"
    "progressbar_end"
    "random_word"
    "negative number"


Rules useless in grammar

   93 attribute_value: "string"
   94                | "positive number"

   95 exp: "equal" "symbol" attribute_value "symbol"


State 18 conflicts: 8 shift/reduce
State 67 conflicts: 1 shift/reduce
State 77 conflicts: 8 shift/reduce


Grammar

    0 $accept: root $end

    1 root: linear_layout
    2     | "relative_layout" relative_layout_attributes "t_big" relative_element_list linear_layout "relative_layout_end"

    3 linear_layout: "linear_layout" linear_layout_attributes "t_big" linear_element_list relative_layout "linear_layout_end"
    4              | "linear_layout" linear_layout_attributes "t_big" linear_element_list "linear_layout_end"

    5 relative_layout: "relative_layout" relative_layout_attributes "t_big" relative_element_list "relative_layout_end"

    6 attribute: "an_width" "equal" layout_value "an_height" "equal" layout_value

    7 layout_value: "match_parent"
    8             | "wrap_content"
    9             | th_number

   10 th_number: "symbol" "positive number" "symbol"

   11 linear_layout_attributes: attribute linear_layout_optional_attributes
   12                         | attribute

   13 relative_layout_attributes: attribute relative_layout_optional_attributes
   14                           | attribute

   15 linear_layout_optional_attributes: "an_id" "equal" "symbol" "string" "symbol"
   16                                  | "an_orientation" "equal" "symbol" "string" "symbol"
   17                                  | "an_id" "equal" "symbol" "string" "symbol" "an_orientation" "equal" "symbol" "string" "symbol"
   18                                  | "an_orientation" "equal" "symbol" "string" "symbol" "an_id" "equal" "symbol" "string" "symbol"

   19 relative_layout_optional_attributes: "an_id" "equal" "symbol" "string" "symbol"

   20 element: text_view
   21        | image_view
   22        | button
   23        | radio_group
   24        | progress_bar
   25        | radio_button
   26        | relative_layout
   27        | linear_layout

   28 relative_element_list: relative_element_list element
   29                      | element
   30                      | ε

   31 linear_element_list: element
   32                    | linear_element_list element

   33 text_view: "textview" text_view_attributes "end_symbol"

   34 text_view_attributes: attribute text_view_standart_attributes text_view_optional_attributes
   35                     | attribute text_view_optional_attributes text_view_standart_attributes
   36                     | attribute text_view_standart_attributes

   37 text_view_standart_attributes: "an_text" "equal" "symbol" "string" "symbol"

   38 text_view_optional_attributes: "an_id" "equal" "symbol" "string" "symbol"
   39                              | "an_text_color" "equal" "symbol" "string" "symbol"
   40                              | "an_id" "equal" "symbol" "string" "symbol" "an_text_color" "equal" "symbol" "string" "symbol"
   41                              | "an_text_color" "equal" "symbol" "string" "symbol" "an_id" "equal" "symbol" "string" "symbol"

   42 image_view: "imageview" image_view_attributes "end_symbol"

   43 image_view_attributes: attribute image_view_standart_attributes image_view_optional_attributes
   44                      | attribute image_view_standart_attributes

   45 image_view_standart_attributes: "an_src" "equal" "symbol" "string" "symbol"

   46 image_view_optional_attributes: "an_id" "equal" "symbol" "string" "symbol"
   47                               | "an_padding" "equal" "symbol" "positive number" "symbol"
   48                               | "an_id" "equal" "symbol" "string" "symbol" "an_padding" "equal" "symbol" "positive number" "symbol"
   49                               | "an_padding" "equal" "symbol" "positive number" "symbol" "an_id" "equal" "symbol" "string" "symbol"

   50 button: "button" button_attributes "end_symbol"

   51 button_attributes: attribute button_standart_attributes button_optional_attributes
   52                  | attribute button_standart_attributes

   53 button_standart_attributes: "an_text" "equal" "symbol" "string" "symbol"

   54 button_optional_attributes: "an_id" "equal" "symbol" "string" "symbol"
   55                           | "an_padding" "equal" "symbol" "positive number" "symbol"
   56                           | "an_id" "equal" "symbol" "string" "symbol" "an_padding" "equal" "symbol" "positive number" "symbol"
   57                           | "an_padding" "equal" "symbol" "positive number" "symbol" "an_id" "equal" "symbol" "string" "symbol"

   58 radio_group: "radiogroup" radio_group_attributes "t_big" radio_buttons "end_symbol"
   59            | "radiogroup" radio_group_attributes "t_big" radio_buttons "radiogroup_end"

   60 radio_group_attributes: attribute radio_group_standart_attributes radio_group_optional_attributes
   61                       | attribute radio_group_standart_attributes

   62 $@1: ε

   63 radio_group_standart_attributes: "t_an_rb" "equal" "symbol" "positive number" $@1 "symbol"

   64 radio_group_optional_attributes: "an_id" "equal" "symbol" "string" "symbol"

   65 $@2: ε

   66 radio_group_optional_attributes: "an_checked_button" "equal" "symbol" "string" $@2 "symbol"

   67 $@3: ε

   68 radio_group_optional_attributes: "an_id" "equal" "symbol" "string" "symbol" "an_checked_button" "equal" "symbol" "string" $@3 "symbol"

   69 radio_buttons: "radiobutton" radio_button
   70              | "radiobutton" radio_button radio_buttons

   71 radio_button: radio_button_attributes "end_symbol"

   72 radio_button_attributes: attribute radio_button_standart_attributes radio_button_optional_attributes
   73                        | attribute radio_button_optional_attributes radio_button_standart_attributes
   74                        | attribute radio_button_standart_attributes

   75 radio_button_standart_attributes: "an_text" "equal" "symbol" "string" "symbol"

   76 $@4: ε

   77 radio_button_optional_attributes: "an_id" "equal" "symbol" "string" $@4 "symbol"

   78 progress_bar: "progressbar" progress_bar_attributes "end_symbol"

   79 progress_bar_attributes: attribute progress_bar_optional_attributes
   80                        | attribute

   81 $@5: ε

   82 $@6: ε

   83 progress_bar_optional_attributes: "an_id" "equal" "symbol" "string" "symbol" "an_max" "equal" "symbol" "positive number" $@5 "symbol" "an_progress" "equal" "symbol" "positive number" $@6 "symbol"

   84 $@7: ε

   85 $@8: ε

   86 progress_bar_optional_attributes: "an_max" "equal" "symbol" "positive number" $@7 "symbol" "an_progress" "equal" "symbol" "positive number" $@8 "symbol"

   87 $@9: ε

   88 $@10: ε

   89 progress_bar_optional_attributes: "an_progress" "equal" "symbol" "positive number" $@9 "symbol" "an_max" "equal" "symbol" "positive number" $@10 "symbol"

   90 $@11: ε

   91 $@12: ε

   92 progress_bar_optional_attributes: "an_id" "equal" "symbol" "string" "symbol" "an_progress" "equal" "symbol" "positive number" $@11 "symbol" "an_max" "equal" "symbol" "positive number" $@12 "symbol"


Terminals, with rules where they appear

    $end (0) 0
    error (256)
    "linear_layout" (258) 3 4
    "linear_layout_end" (259) 3 4
    "relative_layout" (260) 2 5
    "relative_layout_end" (261) 2 5
    "textview" (262) 33
    "textview_end" (263)
    "imageview" (264) 42
    "imageview_end" (265)
    "button" (266) 50
    "button_end" (267)
    "radiobutton" (268) 69 70
    "radiobutton_end" (269)
    "radiogroup" (270) 58 59
    "radiogroup_end" (271) 59
    "progressbar" (272) 78
    "progressbar_end" (273)
    "an_width" (274) 6
    "an_height" (275) 6
    "an_orientation" (276) 16 17 18
    "an_id" (277) 15 17 18 19 38 40 41 46 48 49 54 56 57 64 68 77 83 92
    "an_text" (278) 37 53 75
    "an_src" (279) 45
    "an_padding" (280) 47 48 49 55 56 57
    "an_checked_button" (281) 66 68
    "an_text_color" (282) 39 40 41
    "an_max" (283) 83 86 89 92
    "an_progress" (284) 83 86 89 92
    "equal" (285) 6 15 16 17 18 19 37 38 39 40 41 45 46 47 48 49 53 54 55 56 57 63 64 66 68 75 77 83 86 89 92
    "end_symbol" (286) 33 42 50 58 71 78
    "random_word" (287)
    "positive number" <numval> (288) 10 47 48 49 55 56 57 63 83 86 89 92
    "symbol" (289) 10 15 16 17 18 19 37 38 39 40 41 45 46 47 48 49 53 54 55 56 57 63 64 66 68 75 77 83 86 89 92
    "string" (290) 15 16 17 18 19 37 38 39 40 41 45 46 48 49 53 54 56 57 64 66 68 75 77 83 92
    "t_big" (291) 2 3 4 5 58 59
    "negative number" (292)
    "match_parent" <strval> (293) 7
    "wrap_content" <strval> (294) 8
    "t_an_rb" (295) 63


Nonterminals, with rules where they appear

    $accept (41)
        on left: 0
    root (42)
        on left: 1 2
        on right: 0
    linear_layout (43)
        on left: 3 4
        on right: 1 2 27
    relative_layout (44)
        on left: 5
        on right: 3 26
    attribute (45)
        on left: 6
        on right: 11 12 13 14 34 35 36 43 44 51 52 60 61 72 73 74 79 80
    layout_value (46)
        on left: 7 8 9
        on right: 6
    th_number (47)
        on left: 10
        on right: 9
    linear_layout_attributes (48)
        on left: 11 12
        on right: 3 4
    relative_layout_attributes (49)
        on left: 13 14
        on right: 2 5
    linear_layout_optional_attributes (50)
        on left: 15 16 17 18
        on right: 11
    relative_layout_optional_attributes (51)
        on left: 19
        on right: 13
    element (52)
        on left: 20 21 22 23 24 25 26 27
        on right: 28 29 31 32
    relative_element_list (53)
        on left: 28 29 30
        on right: 2 5 28
    linear_element_list (54)
        on left: 31 32
        on right: 3 4 32
    text_view (55)
        on left: 33
        on right: 20
    text_view_attributes (56)
        on left: 34 35 36
        on right: 33
    text_view_standart_attributes (57)
        on left: 37
        on right: 34 35 36
    text_view_optional_attributes (58)
        on left: 38 39 40 41
        on right: 34 35
    image_view (59)
        on left: 42
        on right: 21
    image_view_attributes (60)
        on left: 43 44
        on right: 42
    image_view_standart_attributes (61)
        on left: 45
        on right: 43 44
    image_view_optional_attributes (62)
        on left: 46 47 48 49
        on right: 43
    button (63)
        on left: 50
        on right: 22
    button_attributes (64)
        on left: 51 52
        on right: 50
    button_standart_attributes (65)
        on left: 53
        on right: 51 52
    button_optional_attributes (66)
        on left: 54 55 56 57
        on right: 51
    radio_group (67)
        on left: 58 59
        on right: 23
    radio_group_attributes (68)
        on left: 60 61
        on right: 58 59
    radio_group_standart_attributes (69)
        on left: 63
        on right: 60 61
    $@1 (70)
        on left: 62
        on right: 63
    radio_group_optional_attributes (71)
        on left: 64 66 68
        on right: 60
    $@2 (72)
        on left: 65
        on right: 66
    $@3 (73)
        on left: 67
        on right: 68
    radio_buttons (74)
        on left: 69 70
        on right: 58 59 70
    radio_button (75)
        on left: 71
        on right: 25 69 70
    radio_button_attributes (76)
        on left: 72 73 74
        on right: 71
    radio_button_standart_attributes (77)
        on left: 75
        on right: 72 73 74
    radio_button_optional_attributes (78)
        on left: 77
        on right: 72 73
    $@4 (79)
        on left: 76
        on right: 77
    progress_bar (80)
        on left: 78
        on right: 24
    progress_bar_attributes (81)
        on left: 79 80
        on right: 78
    progress_bar_optional_attributes (82)
        on left: 83 86 89 92
        on right: 79
    $@5 (83)
        on left: 81
        on right: 83
    $@6 (84)
        on left: 82
        on right: 83
    $@7 (85)
        on left: 84
        on right: 86
    $@8 (86)
        on left: 85
        on right: 86
    $@9 (87)
        on left: 87
        on right: 89
    $@10 (88)
        on left: 88
        on right: 89
    $@11 (89)
        on left: 90
        on right: 92
    $@12 (90)
        on left: 91
        on right: 92


State 0

    0 $accept: • root $end

    "linear_layout"    shift, and go to state 1
    "relative_layout"  shift, and go to state 2

    root           go to state 3
    linear_layout  go to state 4


State 1

    3 linear_layout: "linear_layout" • linear_layout_attributes "t_big" linear_element_list relative_layout "linear_layout_end"
    4              | "linear_layout" • linear_layout_attributes "t_big" linear_element_list "linear_layout_end"

    "an_width"  shift, and go to state 5

    attribute                 go to state 6
    linear_layout_attributes  go to state 7


State 2

    2 root: "relative_layout" • relative_layout_attributes "t_big" relative_element_list linear_layout "relative_layout_end"

    "an_width"  shift, and go to state 5

    attribute                   go to state 8
    relative_layout_attributes  go to state 9


State 3

    0 $accept: root • $end

    $end  shift, and go to state 10


State 4

    1 root: linear_layout •

    $default  reduce using rule 1 (root)


State 5

    6 attribute: "an_width" • "equal" layout_value "an_height" "equal" layout_value

    "equal"  shift, and go to state 11


State 6

   11 linear_layout_attributes: attribute • linear_layout_optional_attributes
   12                         | attribute •

    "an_orientation"  shift, and go to state 12
    "an_id"           shift, and go to state 13

    $default  reduce using rule 12 (linear_layout_attributes)

    linear_layout_optional_attributes  go to state 14


State 7

    3 linear_layout: "linear_layout" linear_layout_attributes • "t_big" linear_element_list relative_layout "linear_layout_end"
    4              | "linear_layout" linear_layout_attributes • "t_big" linear_element_list "linear_layout_end"

    "t_big"  shift, and go to state 15


State 8

   13 relative_layout_attributes: attribute • relative_layout_optional_attributes
   14                           | attribute •

    "an_id"  shift, and go to state 16

    $default  reduce using rule 14 (relative_layout_attributes)

    relative_layout_optional_attributes  go to state 17


State 9

    2 root: "relative_layout" relative_layout_attributes • "t_big" relative_element_list linear_layout "relative_layout_end"

    "t_big"  shift, and go to state 18


State 10

    0 $accept: root $end •

    $default  accept


State 11

    6 attribute: "an_width" "equal" • layout_value "an_height" "equal" layout_value

    "symbol"        shift, and go to state 19
    "match_parent"  shift, and go to state 20
    "wrap_content"  shift, and go to state 21

    layout_value  go to state 22
    th_number     go to state 23


State 12

   16 linear_layout_optional_attributes: "an_orientation" • "equal" "symbol" "string" "symbol"
   18                                  | "an_orientation" • "equal" "symbol" "string" "symbol" "an_id" "equal" "symbol" "string" "symbol"

    "equal"  shift, and go to state 24


State 13

   15 linear_layout_optional_attributes: "an_id" • "equal" "symbol" "string" "symbol"
   17                                  | "an_id" • "equal" "symbol" "string" "symbol" "an_orientation" "equal" "symbol" "string" "symbol"

    "equal"  shift, and go to state 25


State 14

   11 linear_layout_attributes: attribute linear_layout_optional_attributes •

    $default  reduce using rule 11 (linear_layout_attributes)


State 15

    3 linear_layout: "linear_layout" linear_layout_attributes "t_big" • linear_element_list relative_layout "linear_layout_end"
    4              | "linear_layout" linear_layout_attributes "t_big" • linear_element_list "linear_layout_end"

    "linear_layout"    shift, and go to state 1
    "relative_layout"  shift, and go to state 26
    "textview"         shift, and go to state 27
    "imageview"        shift, and go to state 28
    "button"           shift, and go to state 29
    "radiogroup"       shift, and go to state 30
    "progressbar"      shift, and go to state 31
    "an_width"         shift, and go to state 5

    linear_layout            go to state 32
    relative_layout          go to state 33
    attribute                go to state 34
    element                  go to state 35
    linear_element_list      go to state 36
    text_view                go to state 37
    image_view               go to state 38
    button                   go to state 39
    radio_group              go to state 40
    radio_button             go to state 41
    radio_button_attributes  go to state 42
    progress_bar             go to state 43


State 16

   19 relative_layout_optional_attributes: "an_id" • "equal" "symbol" "string" "symbol"

    "equal"  shift, and go to state 44


State 17

   13 relative_layout_attributes: attribute relative_layout_optional_attributes •

    $default  reduce using rule 13 (relative_layout_attributes)


State 18

    2 root: "relative_layout" relative_layout_attributes "t_big" • relative_element_list linear_layout "relative_layout_end"

    "linear_layout"    shift, and go to state 1
    "relative_layout"  shift, and go to state 26
    "textview"         shift, and go to state 27
    "imageview"        shift, and go to state 28
    "button"           shift, and go to state 29
    "radiogroup"       shift, and go to state 30
    "progressbar"      shift, and go to state 31
    "an_width"         shift, and go to state 5

    "linear_layout"    [reduce using rule 30 (relative_element_list)]
    "relative_layout"  [reduce using rule 30 (relative_element_list)]
    "textview"         [reduce using rule 30 (relative_element_list)]
    "imageview"        [reduce using rule 30 (relative_element_list)]
    "button"           [reduce using rule 30 (relative_element_list)]
    "radiogroup"       [reduce using rule 30 (relative_element_list)]
    "progressbar"      [reduce using rule 30 (relative_element_list)]
    "an_width"         [reduce using rule 30 (relative_element_list)]

    linear_layout            go to state 32
    relative_layout          go to state 33
    attribute                go to state 34
    element                  go to state 45
    relative_element_list    go to state 46
    text_view                go to state 37
    image_view               go to state 38
    button                   go to state 39
    radio_group              go to state 40
    radio_button             go to state 41
    radio_button_attributes  go to state 42
    progress_bar             go to state 43


State 19

   10 th_number: "symbol" • "positive number" "symbol"

    "positive number"  shift, and go to state 47


State 20

    7 layout_value: "match_parent" •

    $default  reduce using rule 7 (layout_value)


State 21

    8 layout_value: "wrap_content" •

    $default  reduce using rule 8 (layout_value)


State 22

    6 attribute: "an_width" "equal" layout_value • "an_height" "equal" layout_value

    "an_height"  shift, and go to state 48


State 23

    9 layout_value: th_number •

    $default  reduce using rule 9 (layout_value)


State 24

   16 linear_layout_optional_attributes: "an_orientation" "equal" • "symbol" "string" "symbol"
   18                                  | "an_orientation" "equal" • "symbol" "string" "symbol" "an_id" "equal" "symbol" "string" "symbol"

    "symbol"  shift, and go to state 49


State 25

   15 linear_layout_optional_attributes: "an_id" "equal" • "symbol" "string" "symbol"
   17                                  | "an_id" "equal" • "symbol" "string" "symbol" "an_orientation" "equal" "symbol" "string" "symbol"

    "symbol"  shift, and go to state 50


State 26

    5 relative_layout: "relative_layout" • relative_layout_attributes "t_big" relative_element_list "relative_layout_end"

    "an_width"  shift, and go to state 5

    attribute                   go to state 8
    relative_layout_attributes  go to state 51


State 27

   33 text_view: "textview" • text_view_attributes "end_symbol"

    "an_width"  shift, and go to state 5

    attribute             go to state 52
    text_view_attributes  go to state 53


State 28

   42 image_view: "imageview" • image_view_attributes "end_symbol"

    "an_width"  shift, and go to state 5

    attribute              go to state 54
    image_view_attributes  go to state 55


State 29

   50 button: "button" • button_attributes "end_symbol"

    "an_width"  shift, and go to state 5

    attribute          go to state 56
    button_attributes  go to state 57


State 30

   58 radio_group: "radiogroup" • radio_group_attributes "t_big" radio_buttons "end_symbol"
   59            | "radiogroup" • radio_group_attributes "t_big" radio_buttons "radiogroup_end"

    "an_width"  shift, and go to state 5

    attribute               go to state 58
    radio_group_attributes  go to state 59


State 31

   78 progress_bar: "progressbar" • progress_bar_attributes "end_symbol"

    "an_width"  shift, and go to state 5

    attribute                go to state 60
    progress_bar_attributes  go to state 61


State 32

   27 element: linear_layout •

    $default  reduce using rule 27 (element)


State 33

   26 element: relative_layout •

    $default  reduce using rule 26 (element)


State 34

   72 radio_button_attributes: attribute • radio_button_standart_attributes radio_button_optional_attributes
   73                        | attribute • radio_button_optional_attributes radio_button_standart_attributes
   74                        | attribute • radio_button_standart_attributes

    "an_id"    shift, and go to state 62
    "an_text"  shift, and go to state 63

    radio_button_standart_attributes  go to state 64
    radio_button_optional_attributes  go to state 65


State 35

   31 linear_element_list: element •

    $default  reduce using rule 31 (linear_element_list)


State 36

    3 linear_layout: "linear_layout" linear_layout_attributes "t_big" linear_element_list • relative_layout "linear_layout_end"
    4              | "linear_layout" linear_layout_attributes "t_big" linear_element_list • "linear_layout_end"
   32 linear_element_list: linear_element_list • element

    "linear_layout"      shift, and go to state 1
    "linear_layout_end"  shift, and go to state 66
    "relative_layout"    shift, and go to state 26
    "textview"           shift, and go to state 27
    "imageview"          shift, and go to state 28
    "button"             shift, and go to state 29
    "radiogroup"         shift, and go to state 30
    "progressbar"        shift, and go to state 31
    "an_width"           shift, and go to state 5

    linear_layout            go to state 32
    relative_layout          go to state 67
    attribute                go to state 34
    element                  go to state 68
    text_view                go to state 37
    image_view               go to state 38
    button                   go to state 39
    radio_group              go to state 40
    radio_button             go to state 41
    radio_button_attributes  go to state 42
    progress_bar             go to state 43


State 37

   20 element: text_view •

    $default  reduce using rule 20 (element)


State 38

   21 element: image_view •

    $default  reduce using rule 21 (element)


State 39

   22 element: button •

    $default  reduce using rule 22 (element)


State 40

   23 element: radio_group •

    $default  reduce using rule 23 (element)


State 41

   25 element: radio_button •

    $default  reduce using rule 25 (element)


State 42

   71 radio_button: radio_button_attributes • "end_symbol"

    "end_symbol"  shift, and go to state 69


State 43

   24 element: progress_bar •

    $default  reduce using rule 24 (element)


State 44

   19 relative_layout_optional_attributes: "an_id" "equal" • "symbol" "string" "symbol"

    "symbol"  shift, and go to state 70


State 45

   29 relative_element_list: element •

    $default  reduce using rule 29 (relative_element_list)


State 46

    2 root: "relative_layout" relative_layout_attributes "t_big" relative_element_list • linear_layout "relative_layout_end"
   28 relative_element_list: relative_element_list • element

    "linear_layout"    shift, and go to state 1
    "relative_layout"  shift, and go to state 26
    "textview"         shift, and go to state 27
    "imageview"        shift, and go to state 28
    "button"           shift, and go to state 29
    "radiogroup"       shift, and go to state 30
    "progressbar"      shift, and go to state 31
    "an_width"         shift, and go to state 5

    linear_layout            go to state 71
    relative_layout          go to state 33
    attribute                go to state 34
    element                  go to state 72
    text_view                go to state 37
    image_view               go to state 38
    button                   go to state 39
    radio_group              go to state 40
    radio_button             go to state 41
    radio_button_attributes  go to state 42
    progress_bar             go to state 43


State 47

   10 th_number: "symbol" "positive number" • "symbol"

    "symbol"  shift, and go to state 73


State 48

    6 attribute: "an_width" "equal" layout_value "an_height" • "equal" layout_value

    "equal"  shift, and go to state 74


State 49

   16 linear_layout_optional_attributes: "an_orientation" "equal" "symbol" • "string" "symbol"
   18                                  | "an_orientation" "equal" "symbol" • "string" "symbol" "an_id" "equal" "symbol" "string" "symbol"

    "string"  shift, and go to state 75


State 50

   15 linear_layout_optional_attributes: "an_id" "equal" "symbol" • "string" "symbol"
   17                                  | "an_id" "equal" "symbol" • "string" "symbol" "an_orientation" "equal" "symbol" "string" "symbol"

    "string"  shift, and go to state 76


State 51

    5 relative_layout: "relative_layout" relative_layout_attributes • "t_big" relative_element_list "relative_layout_end"

    "t_big"  shift, and go to state 77


State 52

   34 text_view_attributes: attribute • text_view_standart_attributes text_view_optional_attributes
   35                     | attribute • text_view_optional_attributes text_view_standart_attributes
   36                     | attribute • text_view_standart_attributes

    "an_id"          shift, and go to state 78
    "an_text"        shift, and go to state 79
    "an_text_color"  shift, and go to state 80

    text_view_standart_attributes  go to state 81
    text_view_optional_attributes  go to state 82


State 53

   33 text_view: "textview" text_view_attributes • "end_symbol"

    "end_symbol"  shift, and go to state 83


State 54

   43 image_view_attributes: attribute • image_view_standart_attributes image_view_optional_attributes
   44                      | attribute • image_view_standart_attributes

    "an_src"  shift, and go to state 84

    image_view_standart_attributes  go to state 85


State 55

   42 image_view: "imageview" image_view_attributes • "end_symbol"

    "end_symbol"  shift, and go to state 86


State 56

   51 button_attributes: attribute • button_standart_attributes button_optional_attributes
   52                  | attribute • button_standart_attributes

    "an_text"  shift, and go to state 87

    button_standart_attributes  go to state 88


State 57

   50 button: "button" button_attributes • "end_symbol"

    "end_symbol"  shift, and go to state 89


State 58

   60 radio_group_attributes: attribute • radio_group_standart_attributes radio_group_optional_attributes
   61                       | attribute • radio_group_standart_attributes

    "t_an_rb"  shift, and go to state 90

    radio_group_standart_attributes  go to state 91


State 59

   58 radio_group: "radiogroup" radio_group_attributes • "t_big" radio_buttons "end_symbol"
   59            | "radiogroup" radio_group_attributes • "t_big" radio_buttons "radiogroup_end"

    "t_big"  shift, and go to state 92


State 60

   79 progress_bar_attributes: attribute • progress_bar_optional_attributes
   80                        | attribute •

    "an_id"        shift, and go to state 93
    "an_max"       shift, and go to state 94
    "an_progress"  shift, and go to state 95

    $default  reduce using rule 80 (progress_bar_attributes)

    progress_bar_optional_attributes  go to state 96


State 61

   78 progress_bar: "progressbar" progress_bar_attributes • "end_symbol"

    "end_symbol"  shift, and go to state 97


State 62

   77 radio_button_optional_attributes: "an_id" • "equal" "symbol" "string" $@4 "symbol"

    "equal"  shift, and go to state 98


State 63

   75 radio_button_standart_attributes: "an_text" • "equal" "symbol" "string" "symbol"

    "equal"  shift, and go to state 99


State 64

   72 radio_button_attributes: attribute radio_button_standart_attributes • radio_button_optional_attributes
   74                        | attribute radio_button_standart_attributes •

    "an_id"  shift, and go to state 62

    $default  reduce using rule 74 (radio_button_attributes)

    radio_button_optional_attributes  go to state 100


State 65

   73 radio_button_attributes: attribute radio_button_optional_attributes • radio_button_standart_attributes

    "an_text"  shift, and go to state 63

    radio_button_standart_attributes  go to state 101


State 66

    4 linear_layout: "linear_layout" linear_layout_attributes "t_big" linear_element_list "linear_layout_end" •

    $default  reduce using rule 4 (linear_layout)


State 67

    3 linear_layout: "linear_layout" linear_layout_attributes "t_big" linear_element_list relative_layout • "linear_layout_end"
   26 element: relative_layout •

    "linear_layout_end"  shift, and go to state 102

    "linear_layout_end"  [reduce using rule 26 (element)]
    $default             reduce using rule 26 (element)


State 68

   32 linear_element_list: linear_element_list element •

    $default  reduce using rule 32 (linear_element_list)


State 69

   71 radio_button: radio_button_attributes "end_symbol" •

    $default  reduce using rule 71 (radio_button)


State 70

   19 relative_layout_optional_attributes: "an_id" "equal" "symbol" • "string" "symbol"

    "string"  shift, and go to state 103


State 71

    2 root: "relative_layout" relative_layout_attributes "t_big" relative_element_list linear_layout • "relative_layout_end"
   27 element: linear_layout •

    "relative_layout_end"  shift, and go to state 104

    $default  reduce using rule 27 (element)


State 72

   28 relative_element_list: relative_element_list element •

    $default  reduce using rule 28 (relative_element_list)


State 73

   10 th_number: "symbol" "positive number" "symbol" •

    $default  reduce using rule 10 (th_number)


State 74

    6 attribute: "an_width" "equal" layout_value "an_height" "equal" • layout_value

    "symbol"        shift, and go to state 19
    "match_parent"  shift, and go to state 20
    "wrap_content"  shift, and go to state 21

    layout_value  go to state 105
    th_number     go to state 23


State 75

   16 linear_layout_optional_attributes: "an_orientation" "equal" "symbol" "string" • "symbol"
   18                                  | "an_orientation" "equal" "symbol" "string" • "symbol" "an_id" "equal" "symbol" "string" "symbol"

    "symbol"  shift, and go to state 106


State 76

   15 linear_layout_optional_attributes: "an_id" "equal" "symbol" "string" • "symbol"
   17                                  | "an_id" "equal" "symbol" "string" • "symbol" "an_orientation" "equal" "symbol" "string" "symbol"

    "symbol"  shift, and go to state 107


State 77

    5 relative_layout: "relative_layout" relative_layout_attributes "t_big" • relative_element_list "relative_layout_end"

    "linear_layout"    shift, and go to state 1
    "relative_layout"  shift, and go to state 26
    "textview"         shift, and go to state 27
    "imageview"        shift, and go to state 28
    "button"           shift, and go to state 29
    "radiogroup"       shift, and go to state 30
    "progressbar"      shift, and go to state 31
    "an_width"         shift, and go to state 5

    "linear_layout"    [reduce using rule 30 (relative_element_list)]
    "relative_layout"  [reduce using rule 30 (relative_element_list)]
    "textview"         [reduce using rule 30 (relative_element_list)]
    "imageview"        [reduce using rule 30 (relative_element_list)]
    "button"           [reduce using rule 30 (relative_element_list)]
    "radiogroup"       [reduce using rule 30 (relative_element_list)]
    "progressbar"      [reduce using rule 30 (relative_element_list)]
    "an_width"         [reduce using rule 30 (relative_element_list)]
    $default           reduce using rule 30 (relative_element_list)

    linear_layout            go to state 32
    relative_layout          go to state 33
    attribute                go to state 34
    element                  go to state 45
    relative_element_list    go to state 108
    text_view                go to state 37
    image_view               go to state 38
    button                   go to state 39
    radio_group              go to state 40
    radio_button             go to state 41
    radio_button_attributes  go to state 42
    progress_bar             go to state 43


State 78

   38 text_view_optional_attributes: "an_id" • "equal" "symbol" "string" "symbol"
   40                              | "an_id" • "equal" "symbol" "string" "symbol" "an_text_color" "equal" "symbol" "string" "symbol"

    "equal"  shift, and go to state 109


State 79

   37 text_view_standart_attributes: "an_text" • "equal" "symbol" "string" "symbol"

    "equal"  shift, and go to state 110


State 80

   39 text_view_optional_attributes: "an_text_color" • "equal" "symbol" "string" "symbol"
   41                              | "an_text_color" • "equal" "symbol" "string" "symbol" "an_id" "equal" "symbol" "string" "symbol"

    "equal"  shift, and go to state 111


State 81

   34 text_view_attributes: attribute text_view_standart_attributes • text_view_optional_attributes
   36                     | attribute text_view_standart_attributes •

    "an_id"          shift, and go to state 78
    "an_text_color"  shift, and go to state 80

    $default  reduce using rule 36 (text_view_attributes)

    text_view_optional_attributes  go to state 112


State 82

   35 text_view_attributes: attribute text_view_optional_attributes • text_view_standart_attributes

    "an_text"  shift, and go to state 79

    text_view_standart_attributes  go to state 113


State 83

   33 text_view: "textview" text_view_attributes "end_symbol" •

    $default  reduce using rule 33 (text_view)


State 84

   45 image_view_standart_attributes: "an_src" • "equal" "symbol" "string" "symbol"

    "equal"  shift, and go to state 114


State 85

   43 image_view_attributes: attribute image_view_standart_attributes • image_view_optional_attributes
   44                      | attribute image_view_standart_attributes •

    "an_id"       shift, and go to state 115
    "an_padding"  shift, and go to state 116

    $default  reduce using rule 44 (image_view_attributes)

    image_view_optional_attributes  go to state 117


State 86

   42 image_view: "imageview" image_view_attributes "end_symbol" •

    $default  reduce using rule 42 (image_view)


State 87

   53 button_standart_attributes: "an_text" • "equal" "symbol" "string" "symbol"

    "equal"  shift, and go to state 118


State 88

   51 button_attributes: attribute button_standart_attributes • button_optional_attributes
   52                  | attribute button_standart_attributes •

    "an_id"       shift, and go to state 119
    "an_padding"  shift, and go to state 120

    $default  reduce using rule 52 (button_attributes)

    button_optional_attributes  go to state 121


State 89

   50 button: "button" button_attributes "end_symbol" •

    $default  reduce using rule 50 (button)


State 90

   63 radio_group_standart_attributes: "t_an_rb" • "equal" "symbol" "positive number" $@1 "symbol"

    "equal"  shift, and go to state 122


State 91

   60 radio_group_attributes: attribute radio_group_standart_attributes • radio_group_optional_attributes
   61                       | attribute radio_group_standart_attributes •

    "an_id"              shift, and go to state 123
    "an_checked_button"  shift, and go to state 124

    $default  reduce using rule 61 (radio_group_attributes)

    radio_group_optional_attributes  go to state 125


State 92

   58 radio_group: "radiogroup" radio_group_attributes "t_big" • radio_buttons "end_symbol"
   59            | "radiogroup" radio_group_attributes "t_big" • radio_buttons "radiogroup_end"

    "radiobutton"  shift, and go to state 126

    radio_buttons  go to state 127


State 93

   83 progress_bar_optional_attributes: "an_id" • "equal" "symbol" "string" "symbol" "an_max" "equal" "symbol" "positive number" $@5 "symbol" "an_progress" "equal" "symbol" "positive number" $@6 "symbol"
   92                                 | "an_id" • "equal" "symbol" "string" "symbol" "an_progress" "equal" "symbol" "positive number" $@11 "symbol" "an_max" "equal" "symbol" "positive number" $@12 "symbol"

    "equal"  shift, and go to state 128


State 94

   86 progress_bar_optional_attributes: "an_max" • "equal" "symbol" "positive number" $@7 "symbol" "an_progress" "equal" "symbol" "positive number" $@8 "symbol"

    "equal"  shift, and go to state 129


State 95

   89 progress_bar_optional_attributes: "an_progress" • "equal" "symbol" "positive number" $@9 "symbol" "an_max" "equal" "symbol" "positive number" $@10 "symbol"

    "equal"  shift, and go to state 130


State 96

   79 progress_bar_attributes: attribute progress_bar_optional_attributes •

    $default  reduce using rule 79 (progress_bar_attributes)


State 97

   78 progress_bar: "progressbar" progress_bar_attributes "end_symbol" •

    $default  reduce using rule 78 (progress_bar)


State 98

   77 radio_button_optional_attributes: "an_id" "equal" • "symbol" "string" $@4 "symbol"

    "symbol"  shift, and go to state 131


State 99

   75 radio_button_standart_attributes: "an_text" "equal" • "symbol" "string" "symbol"

    "symbol"  shift, and go to state 132


State 100

   72 radio_button_attributes: attribute radio_button_standart_attributes radio_button_optional_attributes •

    $default  reduce using rule 72 (radio_button_attributes)


State 101

   73 radio_button_attributes: attribute radio_button_optional_attributes radio_button_standart_attributes •

    $default  reduce using rule 73 (radio_button_attributes)


State 102

    3 linear_layout: "linear_layout" linear_layout_attributes "t_big" linear_element_list relative_layout "linear_layout_end" •

    $default  reduce using rule 3 (linear_layout)


State 103

   19 relative_layout_optional_attributes: "an_id" "equal" "symbol" "string" • "symbol"

    "symbol"  shift, and go to state 133


State 104

    2 root: "relative_layout" relative_layout_attributes "t_big" relative_element_list linear_layout "relative_layout_end" •

    $default  reduce using rule 2 (root)


State 105

    6 attribute: "an_width" "equal" layout_value "an_height" "equal" layout_value •

    $default  reduce using rule 6 (attribute)


State 106

   16 linear_layout_optional_attributes: "an_orientation" "equal" "symbol" "string" "symbol" •
   18                                  | "an_orientation" "equal" "symbol" "string" "symbol" • "an_id" "equal" "symbol" "string" "symbol"

    "an_id"  shift, and go to state 134

    $default  reduce using rule 16 (linear_layout_optional_attributes)


State 107

   15 linear_layout_optional_attributes: "an_id" "equal" "symbol" "string" "symbol" •
   17                                  | "an_id" "equal" "symbol" "string" "symbol" • "an_orientation" "equal" "symbol" "string" "symbol"

    "an_orientation"  shift, and go to state 135

    $default  reduce using rule 15 (linear_layout_optional_attributes)


State 108

    5 relative_layout: "relative_layout" relative_layout_attributes "t_big" relative_element_list • "relative_layout_end"
   28 relative_element_list: relative_element_list • element

    "linear_layout"        shift, and go to state 1
    "relative_layout"      shift, and go to state 26
    "relative_layout_end"  shift, and go to state 136
    "textview"             shift, and go to state 27
    "imageview"            shift, and go to state 28
    "button"               shift, and go to state 29
    "radiogroup"           shift, and go to state 30
    "progressbar"          shift, and go to state 31
    "an_width"             shift, and go to state 5

    linear_layout            go to state 32
    relative_layout          go to state 33
    attribute                go to state 34
    element                  go to state 72
    text_view                go to state 37
    image_view               go to state 38
    button                   go to state 39
    radio_group              go to state 40
    radio_button             go to state 41
    radio_button_attributes  go to state 42
    progress_bar             go to state 43


State 109

   38 text_view_optional_attributes: "an_id" "equal" • "symbol" "string" "symbol"
   40                              | "an_id" "equal" • "symbol" "string" "symbol" "an_text_color" "equal" "symbol" "string" "symbol"

    "symbol"  shift, and go to state 137


State 110

   37 text_view_standart_attributes: "an_text" "equal" • "symbol" "string" "symbol"

    "symbol"  shift, and go to state 138


State 111

   39 text_view_optional_attributes: "an_text_color" "equal" • "symbol" "string" "symbol"
   41                              | "an_text_color" "equal" • "symbol" "string" "symbol" "an_id" "equal" "symbol" "string" "symbol"

    "symbol"  shift, and go to state 139


State 112

   34 text_view_attributes: attribute text_view_standart_attributes text_view_optional_attributes •

    $default  reduce using rule 34 (text_view_attributes)


State 113

   35 text_view_attributes: attribute text_view_optional_attributes text_view_standart_attributes •

    $default  reduce using rule 35 (text_view_attributes)


State 114

   45 image_view_standart_attributes: "an_src" "equal" • "symbol" "string" "symbol"

    "symbol"  shift, and go to state 140


State 115

   46 image_view_optional_attributes: "an_id" • "equal" "symbol" "string" "symbol"
   48                               | "an_id" • "equal" "symbol" "string" "symbol" "an_padding" "equal" "symbol" "positive number" "symbol"

    "equal"  shift, and go to state 141


State 116

   47 image_view_optional_attributes: "an_padding" • "equal" "symbol" "positive number" "symbol"
   49                               | "an_padding" • "equal" "symbol" "positive number" "symbol" "an_id" "equal" "symbol" "string" "symbol"

    "equal"  shift, and go to state 142


State 117

   43 image_view_attributes: attribute image_view_standart_attributes image_view_optional_attributes •

    $default  reduce using rule 43 (image_view_attributes)


State 118

   53 button_standart_attributes: "an_text" "equal" • "symbol" "string" "symbol"

    "symbol"  shift, and go to state 143


State 119

   54 button_optional_attributes: "an_id" • "equal" "symbol" "string" "symbol"
   56                           | "an_id" • "equal" "symbol" "string" "symbol" "an_padding" "equal" "symbol" "positive number" "symbol"

    "equal"  shift, and go to state 144


State 120

   55 button_optional_attributes: "an_padding" • "equal" "symbol" "positive number" "symbol"
   57                           | "an_padding" • "equal" "symbol" "positive number" "symbol" "an_id" "equal" "symbol" "string" "symbol"

    "equal"  shift, and go to state 145


State 121

   51 button_attributes: attribute button_standart_attributes button_optional_attributes •

    $default  reduce using rule 51 (button_attributes)


State 122

   63 radio_group_standart_attributes: "t_an_rb" "equal" • "symbol" "positive number" $@1 "symbol"

    "symbol"  shift, and go to state 146


State 123

   64 radio_group_optional_attributes: "an_id" • "equal" "symbol" "string" "symbol"
   68                                | "an_id" • "equal" "symbol" "string" "symbol" "an_checked_button" "equal" "symbol" "string" $@3 "symbol"

    "equal"  shift, and go to state 147


State 124

   66 radio_group_optional_attributes: "an_checked_button" • "equal" "symbol" "string" $@2 "symbol"

    "equal"  shift, and go to state 148


State 125

   60 radio_group_attributes: attribute radio_group_standart_attributes radio_group_optional_attributes •

    $default  reduce using rule 60 (radio_group_attributes)


State 126

   69 radio_buttons: "radiobutton" • radio_button
   70              | "radiobutton" • radio_button radio_buttons

    "an_width"  shift, and go to state 5

    attribute                go to state 34
    radio_button             go to state 149
    radio_button_attributes  go to state 42


State 127

   58 radio_group: "radiogroup" radio_group_attributes "t_big" radio_buttons • "end_symbol"
   59            | "radiogroup" radio_group_attributes "t_big" radio_buttons • "radiogroup_end"

    "radiogroup_end"  shift, and go to state 150
    "end_symbol"      shift, and go to state 151


State 128

   83 progress_bar_optional_attributes: "an_id" "equal" • "symbol" "string" "symbol" "an_max" "equal" "symbol" "positive number" $@5 "symbol" "an_progress" "equal" "symbol" "positive number" $@6 "symbol"
   92                                 | "an_id" "equal" • "symbol" "string" "symbol" "an_progress" "equal" "symbol" "positive number" $@11 "symbol" "an_max" "equal" "symbol" "positive number" $@12 "symbol"

    "symbol"  shift, and go to state 152


State 129

   86 progress_bar_optional_attributes: "an_max" "equal" • "symbol" "positive number" $@7 "symbol" "an_progress" "equal" "symbol" "positive number" $@8 "symbol"

    "symbol"  shift, and go to state 153


State 130

   89 progress_bar_optional_attributes: "an_progress" "equal" • "symbol" "positive number" $@9 "symbol" "an_max" "equal" "symbol" "positive number" $@10 "symbol"

    "symbol"  shift, and go to state 154


State 131

   77 radio_button_optional_attributes: "an_id" "equal" "symbol" • "string" $@4 "symbol"

    "string"  shift, and go to state 155


State 132

   75 radio_button_standart_attributes: "an_text" "equal" "symbol" • "string" "symbol"

    "string"  shift, and go to state 156


State 133

   19 relative_layout_optional_attributes: "an_id" "equal" "symbol" "string" "symbol" •

    $default  reduce using rule 19 (relative_layout_optional_attributes)


State 134

   18 linear_layout_optional_attributes: "an_orientation" "equal" "symbol" "string" "symbol" "an_id" • "equal" "symbol" "string" "symbol"

    "equal"  shift, and go to state 157


State 135

   17 linear_layout_optional_attributes: "an_id" "equal" "symbol" "string" "symbol" "an_orientation" • "equal" "symbol" "string" "symbol"

    "equal"  shift, and go to state 158


State 136

    5 relative_layout: "relative_layout" relative_layout_attributes "t_big" relative_element_list "relative_layout_end" •

    $default  reduce using rule 5 (relative_layout)


State 137

   38 text_view_optional_attributes: "an_id" "equal" "symbol" • "string" "symbol"
   40                              | "an_id" "equal" "symbol" • "string" "symbol" "an_text_color" "equal" "symbol" "string" "symbol"

    "string"  shift, and go to state 159


State 138

   37 text_view_standart_attributes: "an_text" "equal" "symbol" • "string" "symbol"

    "string"  shift, and go to state 160


State 139

   39 text_view_optional_attributes: "an_text_color" "equal" "symbol" • "string" "symbol"
   41                              | "an_text_color" "equal" "symbol" • "string" "symbol" "an_id" "equal" "symbol" "string" "symbol"

    "string"  shift, and go to state 161


State 140

   45 image_view_standart_attributes: "an_src" "equal" "symbol" • "string" "symbol"

    "string"  shift, and go to state 162


State 141

   46 image_view_optional_attributes: "an_id" "equal" • "symbol" "string" "symbol"
   48                               | "an_id" "equal" • "symbol" "string" "symbol" "an_padding" "equal" "symbol" "positive number" "symbol"

    "symbol"  shift, and go to state 163


State 142

   47 image_view_optional_attributes: "an_padding" "equal" • "symbol" "positive number" "symbol"
   49                               | "an_padding" "equal" • "symbol" "positive number" "symbol" "an_id" "equal" "symbol" "string" "symbol"

    "symbol"  shift, and go to state 164


State 143

   53 button_standart_attributes: "an_text" "equal" "symbol" • "string" "symbol"

    "string"  shift, and go to state 165


State 144

   54 button_optional_attributes: "an_id" "equal" • "symbol" "string" "symbol"
   56                           | "an_id" "equal" • "symbol" "string" "symbol" "an_padding" "equal" "symbol" "positive number" "symbol"

    "symbol"  shift, and go to state 166


State 145

   55 button_optional_attributes: "an_padding" "equal" • "symbol" "positive number" "symbol"
   57                           | "an_padding" "equal" • "symbol" "positive number" "symbol" "an_id" "equal" "symbol" "string" "symbol"

    "symbol"  shift, and go to state 167


State 146

   63 radio_group_standart_attributes: "t_an_rb" "equal" "symbol" • "positive number" $@1 "symbol"

    "positive number"  shift, and go to state 168


State 147

   64 radio_group_optional_attributes: "an_id" "equal" • "symbol" "string" "symbol"
   68                                | "an_id" "equal" • "symbol" "string" "symbol" "an_checked_button" "equal" "symbol" "string" $@3 "symbol"

    "symbol"  shift, and go to state 169


State 148

   66 radio_group_optional_attributes: "an_checked_button" "equal" • "symbol" "string" $@2 "symbol"

    "symbol"  shift, and go to state 170


State 149

   69 radio_buttons: "radiobutton" radio_button •
   70              | "radiobutton" radio_button • radio_buttons

    "radiobutton"  shift, and go to state 126

    $default  reduce using rule 69 (radio_buttons)

    radio_buttons  go to state 171


State 150

   59 radio_group: "radiogroup" radio_group_attributes "t_big" radio_buttons "radiogroup_end" •

    $default  reduce using rule 59 (radio_group)


State 151

   58 radio_group: "radiogroup" radio_group_attributes "t_big" radio_buttons "end_symbol" •

    $default  reduce using rule 58 (radio_group)


State 152

   83 progress_bar_optional_attributes: "an_id" "equal" "symbol" • "string" "symbol" "an_max" "equal" "symbol" "positive number" $@5 "symbol" "an_progress" "equal" "symbol" "positive number" $@6 "symbol"
   92                                 | "an_id" "equal" "symbol" • "string" "symbol" "an_progress" "equal" "symbol" "positive number" $@11 "symbol" "an_max" "equal" "symbol" "positive number" $@12 "symbol"

    "string"  shift, and go to state 172


State 153

   86 progress_bar_optional_attributes: "an_max" "equal" "symbol" • "positive number" $@7 "symbol" "an_progress" "equal" "symbol" "positive number" $@8 "symbol"

    "positive number"  shift, and go to state 173


State 154

   89 progress_bar_optional_attributes: "an_progress" "equal" "symbol" • "positive number" $@9 "symbol" "an_max" "equal" "symbol" "positive number" $@10 "symbol"

    "positive number"  shift, and go to state 174


State 155

   77 radio_button_optional_attributes: "an_id" "equal" "symbol" "string" • $@4 "symbol"

    $default  reduce using rule 76 ($@4)

    $@4  go to state 175


State 156

   75 radio_button_standart_attributes: "an_text" "equal" "symbol" "string" • "symbol"

    "symbol"  shift, and go to state 176


State 157

   18 linear_layout_optional_attributes: "an_orientation" "equal" "symbol" "string" "symbol" "an_id" "equal" • "symbol" "string" "symbol"

    "symbol"  shift, and go to state 177


State 158

   17 linear_layout_optional_attributes: "an_id" "equal" "symbol" "string" "symbol" "an_orientation" "equal" • "symbol" "string" "symbol"

    "symbol"  shift, and go to state 178


State 159

   38 text_view_optional_attributes: "an_id" "equal" "symbol" "string" • "symbol"
   40                              | "an_id" "equal" "symbol" "string" • "symbol" "an_text_color" "equal" "symbol" "string" "symbol"

    "symbol"  shift, and go to state 179


State 160

   37 text_view_standart_attributes: "an_text" "equal" "symbol" "string" • "symbol"

    "symbol"  shift, and go to state 180


State 161

   39 text_view_optional_attributes: "an_text_color" "equal" "symbol" "string" • "symbol"
   41                              | "an_text_color" "equal" "symbol" "string" • "symbol" "an_id" "equal" "symbol" "string" "symbol"

    "symbol"  shift, and go to state 181


State 162

   45 image_view_standart_attributes: "an_src" "equal" "symbol" "string" • "symbol"

    "symbol"  shift, and go to state 182


State 163

   46 image_view_optional_attributes: "an_id" "equal" "symbol" • "string" "symbol"
   48                               | "an_id" "equal" "symbol" • "string" "symbol" "an_padding" "equal" "symbol" "positive number" "symbol"

    "string"  shift, and go to state 183


State 164

   47 image_view_optional_attributes: "an_padding" "equal" "symbol" • "positive number" "symbol"
   49                               | "an_padding" "equal" "symbol" • "positive number" "symbol" "an_id" "equal" "symbol" "string" "symbol"

    "positive number"  shift, and go to state 184


State 165

   53 button_standart_attributes: "an_text" "equal" "symbol" "string" • "symbol"

    "symbol"  shift, and go to state 185


State 166

   54 button_optional_attributes: "an_id" "equal" "symbol" • "string" "symbol"
   56                           | "an_id" "equal" "symbol" • "string" "symbol" "an_padding" "equal" "symbol" "positive number" "symbol"

    "string"  shift, and go to state 186


State 167

   55 button_optional_attributes: "an_padding" "equal" "symbol" • "positive number" "symbol"
   57                           | "an_padding" "equal" "symbol" • "positive number" "symbol" "an_id" "equal" "symbol" "string" "symbol"

    "positive number"  shift, and go to state 187


State 168

   63 radio_group_standart_attributes: "t_an_rb" "equal" "symbol" "positive number" • $@1 "symbol"

    $default  reduce using rule 62 ($@1)

    $@1  go to state 188


State 169

   64 radio_group_optional_attributes: "an_id" "equal" "symbol" • "string" "symbol"
   68                                | "an_id" "equal" "symbol" • "string" "symbol" "an_checked_button" "equal" "symbol" "string" $@3 "symbol"

    "string"  shift, and go to state 189


State 170

   66 radio_group_optional_attributes: "an_checked_button" "equal" "symbol" • "string" $@2 "symbol"

    "string"  shift, and go to state 190


State 171

   70 radio_buttons: "radiobutton" radio_button radio_buttons •

    $default  reduce using rule 70 (radio_buttons)


State 172

   83 progress_bar_optional_attributes: "an_id" "equal" "symbol" "string" • "symbol" "an_max" "equal" "symbol" "positive number" $@5 "symbol" "an_progress" "equal" "symbol" "positive number" $@6 "symbol"
   92                                 | "an_id" "equal" "symbol" "string" • "symbol" "an_progress" "equal" "symbol" "positive number" $@11 "symbol" "an_max" "equal" "symbol" "positive number" $@12 "symbol"

    "symbol"  shift, and go to state 191


State 173

   86 progress_bar_optional_attributes: "an_max" "equal" "symbol" "positive number" • $@7 "symbol" "an_progress" "equal" "symbol" "positive number" $@8 "symbol"

    $default  reduce using rule 84 ($@7)

    $@7  go to state 192


State 174

   89 progress_bar_optional_attributes: "an_progress" "equal" "symbol" "positive number" • $@9 "symbol" "an_max" "equal" "symbol" "positive number" $@10 "symbol"

    $default  reduce using rule 87 ($@9)

    $@9  go to state 193


State 175

   77 radio_button_optional_attributes: "an_id" "equal" "symbol" "string" $@4 • "symbol"

    "symbol"  shift, and go to state 194


State 176

   75 radio_button_standart_attributes: "an_text" "equal" "symbol" "string" "symbol" •

    $default  reduce using rule 75 (radio_button_standart_attributes)


State 177

   18 linear_layout_optional_attributes: "an_orientation" "equal" "symbol" "string" "symbol" "an_id" "equal" "symbol" • "string" "symbol"

    "string"  shift, and go to state 195


State 178

   17 linear_layout_optional_attributes: "an_id" "equal" "symbol" "string" "symbol" "an_orientation" "equal" "symbol" • "string" "symbol"

    "string"  shift, and go to state 196


State 179

   38 text_view_optional_attributes: "an_id" "equal" "symbol" "string" "symbol" •
   40                              | "an_id" "equal" "symbol" "string" "symbol" • "an_text_color" "equal" "symbol" "string" "symbol"

    "an_text_color"  shift, and go to state 197

    $default  reduce using rule 38 (text_view_optional_attributes)


State 180

   37 text_view_standart_attributes: "an_text" "equal" "symbol" "string" "symbol" •

    $default  reduce using rule 37 (text_view_standart_attributes)


State 181

   39 text_view_optional_attributes: "an_text_color" "equal" "symbol" "string" "symbol" •
   41                              | "an_text_color" "equal" "symbol" "string" "symbol" • "an_id" "equal" "symbol" "string" "symbol"

    "an_id"  shift, and go to state 198

    $default  reduce using rule 39 (text_view_optional_attributes)


State 182

   45 image_view_standart_attributes: "an_src" "equal" "symbol" "string" "symbol" •

    $default  reduce using rule 45 (image_view_standart_attributes)


State 183

   46 image_view_optional_attributes: "an_id" "equal" "symbol" "string" • "symbol"
   48                               | "an_id" "equal" "symbol" "string" • "symbol" "an_padding" "equal" "symbol" "positive number" "symbol"

    "symbol"  shift, and go to state 199


State 184

   47 image_view_optional_attributes: "an_padding" "equal" "symbol" "positive number" • "symbol"
   49                               | "an_padding" "equal" "symbol" "positive number" • "symbol" "an_id" "equal" "symbol" "string" "symbol"

    "symbol"  shift, and go to state 200


State 185

   53 button_standart_attributes: "an_text" "equal" "symbol" "string" "symbol" •

    $default  reduce using rule 53 (button_standart_attributes)


State 186

   54 button_optional_attributes: "an_id" "equal" "symbol" "string" • "symbol"
   56                           | "an_id" "equal" "symbol" "string" • "symbol" "an_padding" "equal" "symbol" "positive number" "symbol"

    "symbol"  shift, and go to state 201


State 187

   55 button_optional_attributes: "an_padding" "equal" "symbol" "positive number" • "symbol"
   57                           | "an_padding" "equal" "symbol" "positive number" • "symbol" "an_id" "equal" "symbol" "string" "symbol"

    "symbol"  shift, and go to state 202


State 188

   63 radio_group_standart_attributes: "t_an_rb" "equal" "symbol" "positive number" $@1 • "symbol"

    "symbol"  shift, and go to state 203


State 189

   64 radio_group_optional_attributes: "an_id" "equal" "symbol" "string" • "symbol"
   68                                | "an_id" "equal" "symbol" "string" • "symbol" "an_checked_button" "equal" "symbol" "string" $@3 "symbol"

    "symbol"  shift, and go to state 204


State 190

   66 radio_group_optional_attributes: "an_checked_button" "equal" "symbol" "string" • $@2 "symbol"

    $default  reduce using rule 65 ($@2)

    $@2  go to state 205


State 191

   83 progress_bar_optional_attributes: "an_id" "equal" "symbol" "string" "symbol" • "an_max" "equal" "symbol" "positive number" $@5 "symbol" "an_progress" "equal" "symbol" "positive number" $@6 "symbol"
   92                                 | "an_id" "equal" "symbol" "string" "symbol" • "an_progress" "equal" "symbol" "positive number" $@11 "symbol" "an_max" "equal" "symbol" "positive number" $@12 "symbol"

    "an_max"       shift, and go to state 206
    "an_progress"  shift, and go to state 207


State 192

   86 progress_bar_optional_attributes: "an_max" "equal" "symbol" "positive number" $@7 • "symbol" "an_progress" "equal" "symbol" "positive number" $@8 "symbol"

    "symbol"  shift, and go to state 208


State 193

   89 progress_bar_optional_attributes: "an_progress" "equal" "symbol" "positive number" $@9 • "symbol" "an_max" "equal" "symbol" "positive number" $@10 "symbol"

    "symbol"  shift, and go to state 209


State 194

   77 radio_button_optional_attributes: "an_id" "equal" "symbol" "string" $@4 "symbol" •

    $default  reduce using rule 77 (radio_button_optional_attributes)


State 195

   18 linear_layout_optional_attributes: "an_orientation" "equal" "symbol" "string" "symbol" "an_id" "equal" "symbol" "string" • "symbol"

    "symbol"  shift, and go to state 210


State 196

   17 linear_layout_optional_attributes: "an_id" "equal" "symbol" "string" "symbol" "an_orientation" "equal" "symbol" "string" • "symbol"

    "symbol"  shift, and go to state 211


State 197

   40 text_view_optional_attributes: "an_id" "equal" "symbol" "string" "symbol" "an_text_color" • "equal" "symbol" "string" "symbol"

    "equal"  shift, and go to state 212


State 198

   41 text_view_optional_attributes: "an_text_color" "equal" "symbol" "string" "symbol" "an_id" • "equal" "symbol" "string" "symbol"

    "equal"  shift, and go to state 213


State 199

   46 image_view_optional_attributes: "an_id" "equal" "symbol" "string" "symbol" •
   48                               | "an_id" "equal" "symbol" "string" "symbol" • "an_padding" "equal" "symbol" "positive number" "symbol"

    "an_padding"  shift, and go to state 214

    $default  reduce using rule 46 (image_view_optional_attributes)


State 200

   47 image_view_optional_attributes: "an_padding" "equal" "symbol" "positive number" "symbol" •
   49                               | "an_padding" "equal" "symbol" "positive number" "symbol" • "an_id" "equal" "symbol" "string" "symbol"

    "an_id"  shift, and go to state 215

    $default  reduce using rule 47 (image_view_optional_attributes)


State 201

   54 button_optional_attributes: "an_id" "equal" "symbol" "string" "symbol" •
   56                           | "an_id" "equal" "symbol" "string" "symbol" • "an_padding" "equal" "symbol" "positive number" "symbol"

    "an_padding"  shift, and go to state 216

    $default  reduce using rule 54 (button_optional_attributes)


State 202

   55 button_optional_attributes: "an_padding" "equal" "symbol" "positive number" "symbol" •
   57                           | "an_padding" "equal" "symbol" "positive number" "symbol" • "an_id" "equal" "symbol" "string" "symbol"

    "an_id"  shift, and go to state 217

    $default  reduce using rule 55 (button_optional_attributes)


State 203

   63 radio_group_standart_attributes: "t_an_rb" "equal" "symbol" "positive number" $@1 "symbol" •

    $default  reduce using rule 63 (radio_group_standart_attributes)


State 204

   64 radio_group_optional_attributes: "an_id" "equal" "symbol" "string" "symbol" •
   68                                | "an_id" "equal" "symbol" "string" "symbol" • "an_checked_button" "equal" "symbol" "string" $@3 "symbol"

    "an_checked_button"  shift, and go to state 218

    $default  reduce using rule 64 (radio_group_optional_attributes)


State 205

   66 radio_group_optional_attributes: "an_checked_button" "equal" "symbol" "string" $@2 • "symbol"

    "symbol"  shift, and go to state 219


State 206

   83 progress_bar_optional_attributes: "an_id" "equal" "symbol" "string" "symbol" "an_max" • "equal" "symbol" "positive number" $@5 "symbol" "an_progress" "equal" "symbol" "positive number" $@6 "symbol"

    "equal"  shift, and go to state 220


State 207

   92 progress_bar_optional_attributes: "an_id" "equal" "symbol" "string" "symbol" "an_progress" • "equal" "symbol" "positive number" $@11 "symbol" "an_max" "equal" "symbol" "positive number" $@12 "symbol"

    "equal"  shift, and go to state 221


State 208

   86 progress_bar_optional_attributes: "an_max" "equal" "symbol" "positive number" $@7 "symbol" • "an_progress" "equal" "symbol" "positive number" $@8 "symbol"

    "an_progress"  shift, and go to state 222


State 209

   89 progress_bar_optional_attributes: "an_progress" "equal" "symbol" "positive number" $@9 "symbol" • "an_max" "equal" "symbol" "positive number" $@10 "symbol"

    "an_max"  shift, and go to state 223


State 210

   18 linear_layout_optional_attributes: "an_orientation" "equal" "symbol" "string" "symbol" "an_id" "equal" "symbol" "string" "symbol" •

    $default  reduce using rule 18 (linear_layout_optional_attributes)


State 211

   17 linear_layout_optional_attributes: "an_id" "equal" "symbol" "string" "symbol" "an_orientation" "equal" "symbol" "string" "symbol" •

    $default  reduce using rule 17 (linear_layout_optional_attributes)


State 212

   40 text_view_optional_attributes: "an_id" "equal" "symbol" "string" "symbol" "an_text_color" "equal" • "symbol" "string" "symbol"

    "symbol"  shift, and go to state 224


State 213

   41 text_view_optional_attributes: "an_text_color" "equal" "symbol" "string" "symbol" "an_id" "equal" • "symbol" "string" "symbol"

    "symbol"  shift, and go to state 225


State 214

   48 image_view_optional_attributes: "an_id" "equal" "symbol" "string" "symbol" "an_padding" • "equal" "symbol" "positive number" "symbol"

    "equal"  shift, and go to state 226


State 215

   49 image_view_optional_attributes: "an_padding" "equal" "symbol" "positive number" "symbol" "an_id" • "equal" "symbol" "string" "symbol"

    "equal"  shift, and go to state 227


State 216

   56 button_optional_attributes: "an_id" "equal" "symbol" "string" "symbol" "an_padding" • "equal" "symbol" "positive number" "symbol"

    "equal"  shift, and go to state 228


State 217

   57 button_optional_attributes: "an_padding" "equal" "symbol" "positive number" "symbol" "an_id" • "equal" "symbol" "string" "symbol"

    "equal"  shift, and go to state 229


State 218

   68 radio_group_optional_attributes: "an_id" "equal" "symbol" "string" "symbol" "an_checked_button" • "equal" "symbol" "string" $@3 "symbol"

    "equal"  shift, and go to state 230


State 219

   66 radio_group_optional_attributes: "an_checked_button" "equal" "symbol" "string" $@2 "symbol" •

    $default  reduce using rule 66 (radio_group_optional_attributes)


State 220

   83 progress_bar_optional_attributes: "an_id" "equal" "symbol" "string" "symbol" "an_max" "equal" • "symbol" "positive number" $@5 "symbol" "an_progress" "equal" "symbol" "positive number" $@6 "symbol"

    "symbol"  shift, and go to state 231


State 221

   92 progress_bar_optional_attributes: "an_id" "equal" "symbol" "string" "symbol" "an_progress" "equal" • "symbol" "positive number" $@11 "symbol" "an_max" "equal" "symbol" "positive number" $@12 "symbol"

    "symbol"  shift, and go to state 232


State 222

   86 progress_bar_optional_attributes: "an_max" "equal" "symbol" "positive number" $@7 "symbol" "an_progress" • "equal" "symbol" "positive number" $@8 "symbol"

    "equal"  shift, and go to state 233


State 223

   89 progress_bar_optional_attributes: "an_progress" "equal" "symbol" "positive number" $@9 "symbol" "an_max" • "equal" "symbol" "positive number" $@10 "symbol"

    "equal"  shift, and go to state 234


State 224

   40 text_view_optional_attributes: "an_id" "equal" "symbol" "string" "symbol" "an_text_color" "equal" "symbol" • "string" "symbol"

    "string"  shift, and go to state 235


State 225

   41 text_view_optional_attributes: "an_text_color" "equal" "symbol" "string" "symbol" "an_id" "equal" "symbol" • "string" "symbol"

    "string"  shift, and go to state 236


State 226

   48 image_view_optional_attributes: "an_id" "equal" "symbol" "string" "symbol" "an_padding" "equal" • "symbol" "positive number" "symbol"

    "symbol"  shift, and go to state 237


State 227

   49 image_view_optional_attributes: "an_padding" "equal" "symbol" "positive number" "symbol" "an_id" "equal" • "symbol" "string" "symbol"

    "symbol"  shift, and go to state 238


State 228

   56 button_optional_attributes: "an_id" "equal" "symbol" "string" "symbol" "an_padding" "equal" • "symbol" "positive number" "symbol"

    "symbol"  shift, and go to state 239


State 229

   57 button_optional_attributes: "an_padding" "equal" "symbol" "positive number" "symbol" "an_id" "equal" • "symbol" "string" "symbol"

    "symbol"  shift, and go to state 240


State 230

   68 radio_group_optional_attributes: "an_id" "equal" "symbol" "string" "symbol" "an_checked_button" "equal" • "symbol" "string" $@3 "symbol"

    "symbol"  shift, and go to state 241


State 231

   83 progress_bar_optional_attributes: "an_id" "equal" "symbol" "string" "symbol" "an_max" "equal" "symbol" • "positive number" $@5 "symbol" "an_progress" "equal" "symbol" "positive number" $@6 "symbol"

    "positive number"  shift, and go to state 242


State 232

   92 progress_bar_optional_attributes: "an_id" "equal" "symbol" "string" "symbol" "an_progress" "equal" "symbol" • "positive number" $@11 "symbol" "an_max" "equal" "symbol" "positive number" $@12 "symbol"

    "positive number"  shift, and go to state 243


State 233

   86 progress_bar_optional_attributes: "an_max" "equal" "symbol" "positive number" $@7 "symbol" "an_progress" "equal" • "symbol" "positive number" $@8 "symbol"

    "symbol"  shift, and go to state 244


State 234

   89 progress_bar_optional_attributes: "an_progress" "equal" "symbol" "positive number" $@9 "symbol" "an_max" "equal" • "symbol" "positive number" $@10 "symbol"

    "symbol"  shift, and go to state 245


State 235

   40 text_view_optional_attributes: "an_id" "equal" "symbol" "string" "symbol" "an_text_color" "equal" "symbol" "string" • "symbol"

    "symbol"  shift, and go to state 246


State 236

   41 text_view_optional_attributes: "an_text_color" "equal" "symbol" "string" "symbol" "an_id" "equal" "symbol" "string" • "symbol"

    "symbol"  shift, and go to state 247


State 237

   48 image_view_optional_attributes: "an_id" "equal" "symbol" "string" "symbol" "an_padding" "equal" "symbol" • "positive number" "symbol"

    "positive number"  shift, and go to state 248


State 238

   49 image_view_optional_attributes: "an_padding" "equal" "symbol" "positive number" "symbol" "an_id" "equal" "symbol" • "string" "symbol"

    "string"  shift, and go to state 249


State 239

   56 button_optional_attributes: "an_id" "equal" "symbol" "string" "symbol" "an_padding" "equal" "symbol" • "positive number" "symbol"

    "positive number"  shift, and go to state 250


State 240

   57 button_optional_attributes: "an_padding" "equal" "symbol" "positive number" "symbol" "an_id" "equal" "symbol" • "string" "symbol"

    "string"  shift, and go to state 251


State 241

   68 radio_group_optional_attributes: "an_id" "equal" "symbol" "string" "symbol" "an_checked_button" "equal" "symbol" • "string" $@3 "symbol"

    "string"  shift, and go to state 252


State 242

   83 progress_bar_optional_attributes: "an_id" "equal" "symbol" "string" "symbol" "an_max" "equal" "symbol" "positive number" • $@5 "symbol" "an_progress" "equal" "symbol" "positive number" $@6 "symbol"

    $default  reduce using rule 81 ($@5)

    $@5  go to state 253


State 243

   92 progress_bar_optional_attributes: "an_id" "equal" "symbol" "string" "symbol" "an_progress" "equal" "symbol" "positive number" • $@11 "symbol" "an_max" "equal" "symbol" "positive number" $@12 "symbol"

    $default  reduce using rule 90 ($@11)

    $@11  go to state 254


State 244

   86 progress_bar_optional_attributes: "an_max" "equal" "symbol" "positive number" $@7 "symbol" "an_progress" "equal" "symbol" • "positive number" $@8 "symbol"

    "positive number"  shift, and go to state 255


State 245

   89 progress_bar_optional_attributes: "an_progress" "equal" "symbol" "positive number" $@9 "symbol" "an_max" "equal" "symbol" • "positive number" $@10 "symbol"

    "positive number"  shift, and go to state 256


State 246

   40 text_view_optional_attributes: "an_id" "equal" "symbol" "string" "symbol" "an_text_color" "equal" "symbol" "string" "symbol" •

    $default  reduce using rule 40 (text_view_optional_attributes)


State 247

   41 text_view_optional_attributes: "an_text_color" "equal" "symbol" "string" "symbol" "an_id" "equal" "symbol" "string" "symbol" •

    $default  reduce using rule 41 (text_view_optional_attributes)


State 248

   48 image_view_optional_attributes: "an_id" "equal" "symbol" "string" "symbol" "an_padding" "equal" "symbol" "positive number" • "symbol"

    "symbol"  shift, and go to state 257


State 249

   49 image_view_optional_attributes: "an_padding" "equal" "symbol" "positive number" "symbol" "an_id" "equal" "symbol" "string" • "symbol"

    "symbol"  shift, and go to state 258


State 250

   56 button_optional_attributes: "an_id" "equal" "symbol" "string" "symbol" "an_padding" "equal" "symbol" "positive number" • "symbol"

    "symbol"  shift, and go to state 259


State 251

   57 button_optional_attributes: "an_padding" "equal" "symbol" "positive number" "symbol" "an_id" "equal" "symbol" "string" • "symbol"

    "symbol"  shift, and go to state 260


State 252

   68 radio_group_optional_attributes: "an_id" "equal" "symbol" "string" "symbol" "an_checked_button" "equal" "symbol" "string" • $@3 "symbol"

    $default  reduce using rule 67 ($@3)

    $@3  go to state 261


State 253

   83 progress_bar_optional_attributes: "an_id" "equal" "symbol" "string" "symbol" "an_max" "equal" "symbol" "positive number" $@5 • "symbol" "an_progress" "equal" "symbol" "positive number" $@6 "symbol"

    "symbol"  shift, and go to state 262


State 254

   92 progress_bar_optional_attributes: "an_id" "equal" "symbol" "string" "symbol" "an_progress" "equal" "symbol" "positive number" $@11 • "symbol" "an_max" "equal" "symbol" "positive number" $@12 "symbol"

    "symbol"  shift, and go to state 263


State 255

   86 progress_bar_optional_attributes: "an_max" "equal" "symbol" "positive number" $@7 "symbol" "an_progress" "equal" "symbol" "positive number" • $@8 "symbol"

    $default  reduce using rule 85 ($@8)

    $@8  go to state 264


State 256

   89 progress_bar_optional_attributes: "an_progress" "equal" "symbol" "positive number" $@9 "symbol" "an_max" "equal" "symbol" "positive number" • $@10 "symbol"

    $default  reduce using rule 88 ($@10)

    $@10  go to state 265


State 257

   48 image_view_optional_attributes: "an_id" "equal" "symbol" "string" "symbol" "an_padding" "equal" "symbol" "positive number" "symbol" •

    $default  reduce using rule 48 (image_view_optional_attributes)


State 258

   49 image_view_optional_attributes: "an_padding" "equal" "symbol" "positive number" "symbol" "an_id" "equal" "symbol" "string" "symbol" •

    $default  reduce using rule 49 (image_view_optional_attributes)


State 259

   56 button_optional_attributes: "an_id" "equal" "symbol" "string" "symbol" "an_padding" "equal" "symbol" "positive number" "symbol" •

    $default  reduce using rule 56 (button_optional_attributes)


State 260

   57 button_optional_attributes: "an_padding" "equal" "symbol" "positive number" "symbol" "an_id" "equal" "symbol" "string" "symbol" •

    $default  reduce using rule 57 (button_optional_attributes)


State 261

   68 radio_group_optional_attributes: "an_id" "equal" "symbol" "string" "symbol" "an_checked_button" "equal" "symbol" "string" $@3 • "symbol"

    "symbol"  shift, and go to state 266


State 262

   83 progress_bar_optional_attributes: "an_id" "equal" "symbol" "string" "symbol" "an_max" "equal" "symbol" "positive number" $@5 "symbol" • "an_progress" "equal" "symbol" "positive number" $@6 "symbol"

    "an_progress"  shift, and go to state 267


State 263

   92 progress_bar_optional_attributes: "an_id" "equal" "symbol" "string" "symbol" "an_progress" "equal" "symbol" "positive number" $@11 "symbol" • "an_max" "equal" "symbol" "positive number" $@12 "symbol"

    "an_max"  shift, and go to state 268


State 264

   86 progress_bar_optional_attributes: "an_max" "equal" "symbol" "positive number" $@7 "symbol" "an_progress" "equal" "symbol" "positive number" $@8 • "symbol"

    "symbol"  shift, and go to state 269


State 265

   89 progress_bar_optional_attributes: "an_progress" "equal" "symbol" "positive number" $@9 "symbol" "an_max" "equal" "symbol" "positive number" $@10 • "symbol"

    "symbol"  shift, and go to state 270


State 266

   68 radio_group_optional_attributes: "an_id" "equal" "symbol" "string" "symbol" "an_checked_button" "equal" "symbol" "string" $@3 "symbol" •

    $default  reduce using rule 68 (radio_group_optional_attributes)


State 267

   83 progress_bar_optional_attributes: "an_id" "equal" "symbol" "string" "symbol" "an_max" "equal" "symbol" "positive number" $@5 "symbol" "an_progress" • "equal" "symbol" "positive number" $@6 "symbol"

    "equal"  shift, and go to state 271


State 268

   92 progress_bar_optional_attributes: "an_id" "equal" "symbol" "string" "symbol" "an_progress" "equal" "symbol" "positive number" $@11 "symbol" "an_max" • "equal" "symbol" "positive number" $@12 "symbol"

    "equal"  shift, and go to state 272


State 269

   86 progress_bar_optional_attributes: "an_max" "equal" "symbol" "positive number" $@7 "symbol" "an_progress" "equal" "symbol" "positive number" $@8 "symbol" •

    $default  reduce using rule 86 (progress_bar_optional_attributes)


State 270

   89 progress_bar_optional_attributes: "an_progress" "equal" "symbol" "positive number" $@9 "symbol" "an_max" "equal" "symbol" "positive number" $@10 "symbol" •

    $default  reduce using rule 89 (progress_bar_optional_attributes)


State 271

   83 progress_bar_optional_attributes: "an_id" "equal" "symbol" "string" "symbol" "an_max" "equal" "symbol" "positive number" $@5 "symbol" "an_progress" "equal" • "symbol" "positive number" $@6 "symbol"

    "symbol"  shift, and go to state 273


State 272

   92 progress_bar_optional_attributes: "an_id" "equal" "symbol" "string" "symbol" "an_progress" "equal" "symbol" "positive number" $@11 "symbol" "an_max" "equal" • "symbol" "positive number" $@12 "symbol"

    "symbol"  shift, and go to state 274


State 273

   83 progress_bar_optional_attributes: "an_id" "equal" "symbol" "string" "symbol" "an_max" "equal" "symbol" "positive number" $@5 "symbol" "an_progress" "equal" "symbol" • "positive number" $@6 "symbol"

    "positive number"  shift, and go to state 275


State 274

   92 progress_bar_optional_attributes: "an_id" "equal" "symbol" "string" "symbol" "an_progress" "equal" "symbol" "positive number" $@11 "symbol" "an_max" "equal" "symbol" • "positive number" $@12 "symbol"

    "positive number"  shift, and go to state 276


State 275

   83 progress_bar_optional_attributes: "an_id" "equal" "symbol" "string" "symbol" "an_max" "equal" "symbol" "positive number" $@5 "symbol" "an_progress" "equal" "symbol" "positive number" • $@6 "symbol"

    $default  reduce using rule 82 ($@6)

    $@6  go to state 277


State 276

   92 progress_bar_optional_attributes: "an_id" "equal" "symbol" "string" "symbol" "an_progress" "equal" "symbol" "positive number" $@11 "symbol" "an_max" "equal" "symbol" "positive number" • $@12 "symbol"

    $default  reduce using rule 91 ($@12)

    $@12  go to state 278


State 277

   83 progress_bar_optional_attributes: "an_id" "equal" "symbol" "string" "symbol" "an_max" "equal" "symbol" "positive number" $@5 "symbol" "an_progress" "equal" "symbol" "positive number" $@6 • "symbol"

    "symbol"  shift, and go to state 279


State 278

   92 progress_bar_optional_attributes: "an_id" "equal" "symbol" "string" "symbol" "an_progress" "equal" "symbol" "positive number" $@11 "symbol" "an_max" "equal" "symbol" "positive number" $@12 • "symbol"

    "symbol"  shift, and go to state 280


State 279

   83 progress_bar_optional_attributes: "an_id" "equal" "symbol" "string" "symbol" "an_max" "equal" "symbol" "positive number" $@5 "symbol" "an_progress" "equal" "symbol" "positive number" $@6 "symbol" •

    $default  reduce using rule 83 (progress_bar_optional_attributes)


State 280

   92 progress_bar_optional_attributes: "an_id" "equal" "symbol" "string" "symbol" "an_progress" "equal" "symbol" "positive number" $@11 "symbol" "an_max" "equal" "symbol" "positive number" $@12 "symbol" •

    $default  reduce using rule 92 (progress_bar_optional_attributes)
